C166 COMPILER V7.57.0, CC2                                                                 11/13/2019 12:47:20 PAGE 1   


C166 COMPILER V7.57.0, COMPILATION OF MODULE CC2
OBJECT MODULE PLACED IN CC2.OBJ
COMPILER INVOKED BY: C:\Keil_v5\C166\BIN\C166.EXE CC2.c MODV2 BROWSE MODV2 DEBUG TABS(2) 

 stmt lvl     source

    1         //****************************************************************************
    2         // @Module        Capture / Compare Unit 2 (CAPCOM2)
    3         // @Filename      CC2.c
    4         // @Project       PWM.dav
    5         //----------------------------------------------------------------------------
    6         // @Controller    Infineon XE169FH-200F100
    7         //
    8         // @Compiler      Keil
    9         //
   10         // @Codegenerator 2.1
   11         //
   12         // @Description   This file contains functions that use the CC2 module.
   13         //
   14         //----------------------------------------------------------------------------
   15         // @Date          13.11.2019 12:47:14
   16         //
   17         //****************************************************************************
   18         
   19         // USER CODE BEGIN (CC2_General,1)
   20         
   21         // USER CODE END
   22         
   23         
   24         
   25         //****************************************************************************
   26         // @Project Includes
   27         //****************************************************************************
   28         
   29         #include "MAIN.h"
   30         
   31         // USER CODE BEGIN (CC2_General,2)
   32         
   33         // USER CODE END
   34         
   35         
   36         //****************************************************************************
   37         // @Macros
   38         //****************************************************************************
   39         
   40         // USER CODE BEGIN (CC2_General,3)
   41         
   42         // USER CODE END
   43         
   44         
   45         //****************************************************************************
   46         // @Defines
   47         //****************************************************************************
   48         
   49         // USER CODE BEGIN (CC2_General,4)
   50         
   51         // USER CODE END
   52         
   53         
   54         //****************************************************************************
   55         // @Typedefs
C166 COMPILER V7.57.0, CC2                                                                 11/13/2019 12:47:20 PAGE 2   

   56         //****************************************************************************
   57         
   58         // USER CODE BEGIN (CC2_General,5)
   59         
   60         // USER CODE END
   61         
   62         
   63         //****************************************************************************
   64         // @Imported Global Variables
   65         //****************************************************************************
   66         
   67         // USER CODE BEGIN (CC2_General,6)
   68         
   69         // USER CODE END
   70         
   71         
   72         //****************************************************************************
   73         // @Global Variables
   74         //****************************************************************************
   75         
   76         // USER CODE BEGIN (CC2_General,7)
   77         
   78         // USER CODE END
   79         
   80         
   81         //****************************************************************************
   82         // @External Prototypes
   83         //****************************************************************************
   84         
   85         // USER CODE BEGIN (CC2_General,8)
   86         
   87         // USER CODE END
   88         
   89         
   90         //****************************************************************************
   91         // @Prototypes Of Local Functions
   92         //****************************************************************************
   93         
   94         // USER CODE BEGIN (CC2_General,9)
   95         
   96         // USER CODE END
   97         
   98         
   99         //****************************************************************************
  100         // @Function      void CC2_vInit(void) 
  101         //
  102         //----------------------------------------------------------------------------
  103         // @Description   This is the initialization function of the CAPCOM2 function 
  104         //                library. It is assumed that the SFRs used by this library 
  105         //                are in reset state. 
  106         //
  107         //----------------------------------------------------------------------------
  108         // @Returnvalue   None
  109         //
  110         //----------------------------------------------------------------------------
  111         // @Parameters    None
  112         //
  113         //----------------------------------------------------------------------------
  114         // @Date          13.11.2019
  115         //
  116         //****************************************************************************
  117         
C166 COMPILER V7.57.0, CC2                                                                 11/13/2019 12:47:20 PAGE 3   

  118         // USER CODE BEGIN (Init,1)
  119         
  120         // USER CODE END
  121         
  122         void CC2_vInit(void)
  123         {
  124  1        volatile unsigned int uwTemp;
  125  1        // USER CODE BEGIN (Init,2)
  126  1      
  127  1        // USER CODE END
  128  1      
  129  1        ///  -----------------------------------------------------------------------
  130  1        ///  Configuration of  Kernel state configuration Control:
  131  1        ///  -----------------------------------------------------------------------
  132  1        ///  - the Peripheral is supplied with clock signal for CAPCOM2 unit
  133  1        ///  - the CC2 module clock = 100,00 MHz
  134  1      
  135  1        CC2_KSCCFG     =  0x0003;      // load CAPCOM2 Kernel state configuration 
  136  1                                       // register
  137  1      
  138  1        uwTemp         =  CC2_KSCCFG;  // dummy read to avoid pipeline effects
  139  1      
  140  1        ///  -----------------------------------------------------------------------
  141  1        ///  Configuration of CAPCOM2 Control:
  142  1        ///  -----------------------------------------------------------------------
  143  1        ///  - staggered mode is enabled
  144  1      
  145  1        ///  -----------------------------------------------------------------------
  146  1        ///  Configuration of CAPCOM2 Timer 7:
  147  1        ///  -----------------------------------------------------------------------
  148  1        ///  - timer 7 works in timer mode
  149  1        ///  - prescaler factor is 1024
  150  1        ///  - timer 7 run bit is set
  151  1      
  152  1        ///  -----------------------------------------------------------------------
  153  1        ///  Configuration of CAPCOM2 Timer 8:
  154  1        ///  -----------------------------------------------------------------------
  155  1        ///  - timer 8 works in timer mode
  156  1        ///  - prescaler factor is 1024
  157  1        ///  - timer 8 run bit is set
  158  1      
  159  1      
  160  1        CC2_T78CON     =  0x0707;      // load CAPCOM2 timer 7 and timer 8 control 
  161  1                                       // register
  162  1      
  163  1        CC2_T7         =  0xFFE0;      // load CAPCOM2 timer 7 register
  164  1      
  165  1        CC2_T7REL      =  0xFFE0;      // load CAPCOM2 timer 7 reload register
  166  1      
  167  1        CC2_T8         =  0xFF9E;      // load CAPCOM2 timer 8 register
  168  1      
  169  1        CC2_T8REL      =  0xFF9E;      // load CAPCOM2 timer 8 reload register
  170  1      
  171  1        ///  -----------------------------------------------------------------------
  172  1        ///  Configuration of the used CAPCOM2 Timer Port Pins:
  173  1        ///  -----------------------------------------------------------------------
  174  1      
  175  1      
  176  1        ///  -----------------------------------------------------------------------
  177  1        ///  Configuration of the used CAPCOM2 Timer Interrupts:
  178  1        ///  -----------------------------------------------------------------------
  179  1        ///  Tmr7 service request node configuration:
C166 COMPILER V7.57.0, CC2                                                                 11/13/2019 12:47:20 PAGE 4   

  180  1        ///  - Tmr7 interrupt priority level (ILVL) = 1
  181  1        ///  - Tmr7 interrupt group level (GLVL) = 0
  182  1        ///  - Tmr7 group priority extension (GPX) = 0
  183  1      
  184  1        CC2_T7IC       =  0x0044;     
  185  1      
  186  1      
  187  1      
  188  1        ///  -----------------------------------------------------------------------
  189  1        ///  Configuration of the used CAPCOM2 Channel 16:
  190  1        ///  -----------------------------------------------------------------------
  191  1        ///  - compare mode 3:  set bit CC0IO and pin CC16IO (P2.3) on each match
  192  1        ///  - CC16 allocated to CAPCOM2 timer 8
  193  1        ///  - single event mode is disabled
  194  1      
  195  1      
  196  1        CC2_CC16       =  0xFFCE;      // load CAPCOM2 channel 16 register
  197  1      
  198  1        ///  -----------------------------------------------------------------------
  199  1        ///  Configuration of the used CAPCOM2 Channel 17:
  200  1        ///  -----------------------------------------------------------------------
  201  1        ///  - channel 17 is disabled
  202  1      
  203  1        ///  -----------------------------------------------------------------------
  204  1        ///  Configuration of the used CAPCOM2 Channel 18:
  205  1        ///  -----------------------------------------------------------------------
  206  1        ///  - channel 18 is disabled
  207  1      
  208  1        ///  -----------------------------------------------------------------------
  209  1        ///  Configuration of the used CAPCOM2 Channel 19:
  210  1        ///  -----------------------------------------------------------------------
  211  1        ///  - channel 19 is disabled
  212  1      
  213  1        ///  -----------------------------------------------------------------------
  214  1        ///  Configuration of the used CAPCOM2 Channel 20:
  215  1        ///  -----------------------------------------------------------------------
  216  1        ///  - channel 20 is disabled
  217  1      
  218  1        ///  -----------------------------------------------------------------------
  219  1        ///  Configuration of the used CAPCOM2 Channel 21:
  220  1        ///  -----------------------------------------------------------------------
  221  1        ///  - channel 21 is disabled
  222  1      
  223  1        ///  -----------------------------------------------------------------------
  224  1        ///  Configuration of the used CAPCOM2 Channel 22:
  225  1        ///  -----------------------------------------------------------------------
  226  1        ///  - channel 22 is disabled
  227  1      
  228  1        ///  -----------------------------------------------------------------------
  229  1        ///  Configuration of the used CAPCOM2 Channel 23:
  230  1        ///  -----------------------------------------------------------------------
  231  1        ///  - channel 23 is disabled
  232  1      
  233  1        ///  -----------------------------------------------------------------------
  234  1        ///  Configuration of the used CAPCOM2 Channel 24:
  235  1        ///  -----------------------------------------------------------------------
  236  1        ///  - channel 24 is disabled
  237  1      
  238  1        ///  -----------------------------------------------------------------------
  239  1        ///  Configuration of the used CAPCOM2 Channel 25:
  240  1        ///  -----------------------------------------------------------------------
  241  1        ///  - channel 25 is disabled
C166 COMPILER V7.57.0, CC2                                                                 11/13/2019 12:47:20 PAGE 5   

  242  1      
  243  1        ///  -----------------------------------------------------------------------
  244  1        ///  Configuration of the used CAPCOM2 Channel 26:
  245  1        ///  -----------------------------------------------------------------------
  246  1        ///  - channel 26 is disabled
  247  1      
  248  1        ///  -----------------------------------------------------------------------
  249  1        ///  Configuration of the used CAPCOM2 Channel 27:
  250  1        ///  -----------------------------------------------------------------------
  251  1        ///  - channel 27 is disabled
  252  1      
  253  1        ///  -----------------------------------------------------------------------
  254  1        ///  Configuration of the used CAPCOM2 Channel 28:
  255  1        ///  -----------------------------------------------------------------------
  256  1        ///  - channel 28 is disabled
  257  1      
  258  1        ///  -----------------------------------------------------------------------
  259  1        ///  Configuration of the used CAPCOM2 Channel 29:
  260  1        ///  -----------------------------------------------------------------------
  261  1        ///  - channel 29 is disabled
  262  1      
  263  1        ///  -----------------------------------------------------------------------
  264  1        ///  Configuration of the used CAPCOM2 Channel 30:
  265  1        ///  -----------------------------------------------------------------------
  266  1        ///  - channel 30 is disabled
  267  1      
  268  1        ///  -----------------------------------------------------------------------
  269  1        ///  Configuration of the used CAPCOM2 Channel 31:
  270  1        ///  -----------------------------------------------------------------------
  271  1        ///  - channel 31 is disabled
  272  1      
  273  1        CC2_M4         =  0x000F;      // load CAPCOM2 mode register 4
  274  1      
  275  1        ///  -----------------------------------------------------------------------
  276  1        ///  Configuration of the used CAPCOM2 Channel Port Pins:
  277  1        ///  -----------------------------------------------------------------------
  278  1        ///  - P2.3 is used for CAPCOM2 output(CC2_16)
  279  1      
  280  1        P2_IOCR03 = 0x00B0;    //set direction register
  281  1      
  282  1        ///  -----------------------------------------------------------------------
  283  1        ///  Configuration of the used CAPCOM2 Channels Interrupts:
  284  1        ///  -----------------------------------------------------------------------
  285  1      
  286  1        CC2_T78CON_T7R    = 1;    // set CAPCOM2 timer 7 run bit
  287  1      
  288  1        CC2_T78CON_T8R    = 1;    // set CAPCOM2 timer 8 run bit
  289  1      
  290  1      
  291  1        // USER CODE BEGIN (CC31,3)
  292  1      
  293  1        // USER CODE END
  294  1      
  295  1      } //  End of function CC2_viCC31
  296         
  297         
  298         //****************************************************************************
  299         // @Function      void CC2_viTmr7(void) 
  300         //
  301         //----------------------------------------------------------------------------
  302         // @Description   This is the interrupt service routine for the CAPCOM2 timer 
  303         //                7. It is called when overflow of the timer 7 register 
C166 COMPILER V7.57.0, CC2                                                                 11/13/2019 12:47:20 PAGE 6   

  304         //                occurs.
  305         //                Please note that you have to add application specific code 
  306         //                to this function.
  307         //
  308         //----------------------------------------------------------------------------
  309         // @Returnvalue   None
  310         //
  311         //----------------------------------------------------------------------------
  312         // @Parameters    None
  313         //
  314         //----------------------------------------------------------------------------
  315         // @Date          13.11.2019
  316         //
  317         //****************************************************************************
  318         
  319         // USER CODE BEGIN (Tmr7,1)
  320         
  321         // USER CODE END
  322         
  323         void CC2_viTmr7(void) interrupt CC2_T7INT
  324         {
  325  1        // USER CODE BEGIN (Tmr7,2)
  326  1        CC2_CC16++;
  327  1        if(CC2_CC16 < 0xFF9E) {
  328  2          CC2_CC16 = 0xFF9E;
  329  2        }
  330  1        
  331  1        //100%: (0xFFFF-CC2_T8REL)
  332  1        //0%:   CC2_T8REL
  333  1        // USER CODE END
  334  1      
  335  1      } //  End of function CC2_viTmr7
  336         
  337         
  338         
  339         
  340         // USER CODE BEGIN (CC2_General,10)
  341         
  342         // USER CODE END
  343         
*** WARNING C174 IN LINE 381 OF CC2.c: 'Scs_EnableHighPrecOsc': unreferenced 'static' function


MODULE INFORMATION:   INITIALIZED  UNINITIALIZED
  CODE SIZE        =          98     --------
  NEAR-CONST SIZE  =    --------     --------
  FAR-CONST SIZE   =    --------     --------
  HUGE-CONST SIZE  =    --------     --------
  XHUGE-CONST SIZE =    --------     --------
  NEAR-DATA SIZE   =    --------     --------
  FAR-DATA SIZE    =    --------     --------
  XHUGE-DATA SIZE  =    --------     --------
  IDATA-DATA SIZE  =    --------     --------
  SDATA-DATA SIZE  =    --------     --------
  BDATA-DATA SIZE  =    --------     --------
  HUGE-DATA SIZE   =    --------     --------
  BIT SIZE         =    --------     --------
  INIT'L SIZE      =    --------     --------
END OF MODULE INFORMATION.


C166 COMPILATION COMPLETE.  1 WARNING(S),  0 ERROR(S)
