C166 COMPILER V7.57.0, CC2                                                                 12/04/2019 12:51:44 PAGE 1   


C166 COMPILER V7.57.0, COMPILATION OF MODULE CC2
OBJECT MODULE PLACED IN .\Objects\CC2.obj
COMPILER INVOKED BY: C:\Keil_v5\C166\BIN\C166.EXE CC2.c MODV2 BROWSE MODV2 DEBUG PRINT(.\Listings\CC2.lst) TABS(2) OBJEC
                    -T(.\Objects\CC2.obj) 

 stmt lvl     source

    1         //****************************************************************************
    2         // @Module        Capture / Compare Unit 2 (CAPCOM2)
    3         // @Filename      CC2.c
    4         // @Project       DAVE-LED.dav
    5         //----------------------------------------------------------------------------
    6         // @Controller    Infineon XE169FH-200F100
    7         //
    8         // @Compiler      Keil
    9         //
   10         // @Codegenerator 2.1
   11         //
   12         // @Description   This file contains functions that use the CC2 module.
   13         //
   14         //----------------------------------------------------------------------------
   15         // @Date          27.11.2019 13:00:46
   16         //
   17         //****************************************************************************
   18         
   19         // USER CODE BEGIN (CC2_General,1)
   20         
   21         // USER CODE END
   22         
   23         
   24         
   25         //****************************************************************************
   26         // @Project Includes
   27         //****************************************************************************
   28         
   29         #include "MAIN.h"
   30         
   31         // USER CODE BEGIN (CC2_General,2)
   32         
   33         // USER CODE END
   34         
   35         
   36         //****************************************************************************
   37         // @Macros
   38         //****************************************************************************
   39         
   40         // USER CODE BEGIN (CC2_General,3)
   41         
   42         // USER CODE END
   43         
   44         
   45         //****************************************************************************
   46         // @Defines
   47         //****************************************************************************
   48         
   49         // USER CODE BEGIN (CC2_General,4)
   50         
   51         // USER CODE END
   52         
   53         
   54         //****************************************************************************
C166 COMPILER V7.57.0, CC2                                                                 12/04/2019 12:51:44 PAGE 2   

   55         // @Typedefs
   56         //****************************************************************************
   57         
   58         // USER CODE BEGIN (CC2_General,5)
   59         
   60         // USER CODE END
   61         
   62         
   63         //****************************************************************************
   64         // @Imported Global Variables
   65         //****************************************************************************
   66         
   67         // USER CODE BEGIN (CC2_General,6)
   68         
   69         // USER CODE END
   70         
   71         
   72         //****************************************************************************
   73         // @Global Variables
   74         //****************************************************************************
   75         
   76         // USER CODE BEGIN (CC2_General,7)
   77         
   78         // USER CODE END
   79         
   80         
   81         //****************************************************************************
   82         // @External Prototypes
   83         //****************************************************************************
   84         
   85         // USER CODE BEGIN (CC2_General,8)
   86         
   87         // USER CODE END
   88         
   89         
   90         //****************************************************************************
   91         // @Prototypes Of Local Functions
   92         //****************************************************************************
   93         
   94         // USER CODE BEGIN (CC2_General,9)
   95         
   96         // USER CODE END
   97         
   98         
   99         //****************************************************************************
  100         // @Function      void CC2_vInit(void) 
  101         //
  102         //----------------------------------------------------------------------------
  103         // @Description   This is the initialization function of the CAPCOM2 function 
  104         //                library. It is assumed that the SFRs used by this library 
  105         //                are in reset state. 
  106         //
  107         //----------------------------------------------------------------------------
  108         // @Returnvalue   None
  109         //
  110         //----------------------------------------------------------------------------
  111         // @Parameters    None
  112         //
  113         //----------------------------------------------------------------------------
  114         // @Date          27.11.2019
  115         //
  116         //****************************************************************************
C166 COMPILER V7.57.0, CC2                                                                 12/04/2019 12:51:44 PAGE 3   

  117         
  118         // USER CODE BEGIN (Init,1)
  119         
  120         // USER CODE END
  121         
  122         void CC2_vInit(void)
  123         {
  124  1        volatile unsigned int uwTemp;
  125  1        // USER CODE BEGIN (Init,2)
  126  1      
  127  1        // USER CODE END
  128  1      
  129  1        ///  -----------------------------------------------------------------------
  130  1        ///  Configuration of  Kernel state configuration Control:
  131  1        ///  -----------------------------------------------------------------------
  132  1        ///  - the Peripheral is supplied with clock signal for CAPCOM2 unit
  133  1        ///  - the CC2 module clock = 100,00 MHz
  134  1      
  135  1        CC2_KSCCFG     =  0x0003;      // load CAPCOM2 Kernel state configuration 
  136  1                                       // register
  137  1      
  138  1        uwTemp         =  CC2_KSCCFG;  // dummy read to avoid pipeline effects
  139  1      
  140  1        ///  -----------------------------------------------------------------------
  141  1        ///  Configuration of CAPCOM2 Control:
  142  1        ///  -----------------------------------------------------------------------
  143  1        ///  - staggered mode is enabled
  144  1      
  145  1        ///  -----------------------------------------------------------------------
  146  1        ///  Configuration of CAPCOM2 Timer 7:
  147  1        ///  -----------------------------------------------------------------------
  148  1        ///  - timer 7 works in timer mode
  149  1        ///  - prescaler factor is 8
  150  1        ///  - timer 7 run bit is reset
  151  1      
  152  1        ///  -----------------------------------------------------------------------
  153  1        ///  Configuration of CAPCOM2 Timer 8:
  154  1        ///  -----------------------------------------------------------------------
  155  1        ///  - timer 8 works in timer mode
  156  1        ///  - prescaler factor is 8
  157  1        ///  - timer 8 run bit is reset
  158  1      
  159  1      
  160  1        ///  -----------------------------------------------------------------------
  161  1        ///  Configuration of the used CAPCOM2 Timer Port Pins:
  162  1        ///  -----------------------------------------------------------------------
  163  1      
  164  1      
  165  1        ///  -----------------------------------------------------------------------
  166  1        ///  Configuration of the used CAPCOM2 Timer Interrupts:
  167  1        ///  -----------------------------------------------------------------------
  168  1        ///  Tmr7 service request node configuration:
  169  1        ///  - Tmr7 interrupt priority level (ILVL) = 1
  170  1        ///  - Tmr7 interrupt group level (GLVL) = 0
  171  1        ///  - Tmr7 group priority extension (GPX) = 0
  172  1      
  173  1        CC2_T7IC       =  0x0044;     
  174  1      
  175  1      
  176  1      
  177  1        ///  -----------------------------------------------------------------------
  178  1        ///  Configuration of the used CAPCOM2 Channel 16:
C166 COMPILER V7.57.0, CC2                                                                 12/04/2019 12:51:44 PAGE 4   

  179  1        ///  -----------------------------------------------------------------------
  180  1        ///  - channel 16 is disabled
  181  1      
  182  1        ///  -----------------------------------------------------------------------
  183  1        ///  Configuration of the used CAPCOM2 Channel 17:
  184  1        ///  -----------------------------------------------------------------------
  185  1        ///  - channel 17 is disabled
  186  1      
  187  1        ///  -----------------------------------------------------------------------
  188  1        ///  Configuration of the used CAPCOM2 Channel 18:
  189  1        ///  -----------------------------------------------------------------------
  190  1        ///  - channel 18 is disabled
  191  1      
  192  1        ///  -----------------------------------------------------------------------
  193  1        ///  Configuration of the used CAPCOM2 Channel 19:
  194  1        ///  -----------------------------------------------------------------------
  195  1        ///  - channel 19 is disabled
  196  1      
  197  1        ///  -----------------------------------------------------------------------
  198  1        ///  Configuration of the used CAPCOM2 Channel 20:
  199  1        ///  -----------------------------------------------------------------------
  200  1        ///  - channel 20 is disabled
  201  1      
  202  1        ///  -----------------------------------------------------------------------
  203  1        ///  Configuration of the used CAPCOM2 Channel 21:
  204  1        ///  -----------------------------------------------------------------------
  205  1        ///  - channel 21 is disabled
  206  1      
  207  1        ///  -----------------------------------------------------------------------
  208  1        ///  Configuration of the used CAPCOM2 Channel 22:
  209  1        ///  -----------------------------------------------------------------------
  210  1        ///  - channel 22 is disabled
  211  1      
  212  1        ///  -----------------------------------------------------------------------
  213  1        ///  Configuration of the used CAPCOM2 Channel 23:
  214  1        ///  -----------------------------------------------------------------------
  215  1        ///  - channel 23 is disabled
  216  1      
  217  1        ///  -----------------------------------------------------------------------
  218  1        ///  Configuration of the used CAPCOM2 Channel 24:
  219  1        ///  -----------------------------------------------------------------------
  220  1        ///  - channel 24 is disabled
  221  1      
  222  1        ///  -----------------------------------------------------------------------
  223  1        ///  Configuration of the used CAPCOM2 Channel 25:
  224  1        ///  -----------------------------------------------------------------------
  225  1        ///  - channel 25 is disabled
  226  1      
  227  1        ///  -----------------------------------------------------------------------
  228  1        ///  Configuration of the used CAPCOM2 Channel 26:
  229  1        ///  -----------------------------------------------------------------------
  230  1        ///  - channel 26 is disabled
  231  1      
  232  1        ///  -----------------------------------------------------------------------
  233  1        ///  Configuration of the used CAPCOM2 Channel 27:
  234  1        ///  -----------------------------------------------------------------------
  235  1        ///  - channel 27 is disabled
  236  1      
  237  1        ///  -----------------------------------------------------------------------
  238  1        ///  Configuration of the used CAPCOM2 Channel 28:
  239  1        ///  -----------------------------------------------------------------------
  240  1        ///  - channel 28 is disabled
C166 COMPILER V7.57.0, CC2                                                                 12/04/2019 12:51:44 PAGE 5   

  241  1      
  242  1        ///  -----------------------------------------------------------------------
  243  1        ///  Configuration of the used CAPCOM2 Channel 29:
  244  1        ///  -----------------------------------------------------------------------
  245  1        ///  - channel 29 is disabled
  246  1      
  247  1        ///  -----------------------------------------------------------------------
  248  1        ///  Configuration of the used CAPCOM2 Channel 30:
  249  1        ///  -----------------------------------------------------------------------
  250  1        ///  - channel 30 is disabled
  251  1      
  252  1        ///  -----------------------------------------------------------------------
  253  1        ///  Configuration of the used CAPCOM2 Channel 31:
  254  1        ///  -----------------------------------------------------------------------
  255  1        ///  - channel 31 is disabled
  256  1      
  257  1      
  258  1        ///  -----------------------------------------------------------------------
  259  1        ///  Configuration of the used CAPCOM2 Channel Port Pins:
  260  1        ///  -----------------------------------------------------------------------
  261  1      
  262  1      
  263  1        ///  -----------------------------------------------------------------------
  264  1        ///  Configuration of the used CAPCOM2 Channels Interrupts:
  265  1        ///  -----------------------------------------------------------------------
  266  1      
  267  1      
  268  1        // USER CODE BEGIN (CC31,3)
  269  1      
  270  1        // USER CODE END
  271  1      
  272  1      } //  End of function CC2_viCC31
  273         
  274         
  275         //****************************************************************************
  276         // @Function      void CC2_viTmr7(void) 
  277         //
  278         //----------------------------------------------------------------------------
  279         // @Description   This is the interrupt service routine for the CAPCOM2 timer 
  280         //                7. It is called when overflow of the timer 7 register 
  281         //                occurs.
  282         //                Please note that you have to add application specific code 
  283         //                to this function.
  284         //
  285         //----------------------------------------------------------------------------
  286         // @Returnvalue   None
  287         //
  288         //----------------------------------------------------------------------------
  289         // @Parameters    None
  290         //
  291         //----------------------------------------------------------------------------
  292         // @Date          27.11.2019
  293         //
  294         //****************************************************************************
  295         
  296         // USER CODE BEGIN (Tmr7,1)
  297         
  298         // USER CODE END
  299         
  300         
  301         
  302         
C166 COMPILER V7.57.0, CC2                                                                 12/04/2019 12:51:44 PAGE 6   

  303         // USER CODE BEGIN (CC2_General,10)
  304         
  305         // USER CODE END
  306         
*** WARNING C174 IN LINE 381 OF CC2.c: 'Scs_EnableHighPrecOsc': unreferenced 'static' function


MODULE INFORMATION:   INITIALIZED  UNINITIALIZED
  CODE SIZE        =          20     --------
  NEAR-CONST SIZE  =    --------     --------
  FAR-CONST SIZE   =    --------     --------
  HUGE-CONST SIZE  =    --------     --------
  XHUGE-CONST SIZE =    --------     --------
  NEAR-DATA SIZE   =    --------     --------
  FAR-DATA SIZE    =    --------     --------
  XHUGE-DATA SIZE  =    --------     --------
  IDATA-DATA SIZE  =    --------     --------
  SDATA-DATA SIZE  =    --------     --------
  BDATA-DATA SIZE  =    --------     --------
  HUGE-DATA SIZE   =    --------     --------
  BIT SIZE         =    --------     --------
  INIT'L SIZE      =    --------     --------
END OF MODULE INFORMATION.


C166 COMPILATION COMPLETE.  1 WARNING(S),  0 ERROR(S)
