C166 COMPILER V7.57.0, CC2                                                                 10/30/2019 13:14:42 PAGE 1   


C166 COMPILER V7.57.0, COMPILATION OF MODULE CC2
OBJECT MODULE PLACED IN CC2.OBJ
COMPILER INVOKED BY: C:\Keil_v5\C166\BIN\C166.EXE CC2.c MODV2 BROWSE MODV2 DEBUG TABS(2) 

 stmt lvl     source

    1         //****************************************************************************
    2         // @Module        Capture / Compare Unit 2 (CAPCOM2)
    3         // @Filename      CC2.c
    4         // @Project       cc2.dav
    5         //----------------------------------------------------------------------------
    6         // @Controller    Infineon XE169FH-200F100
    7         //
    8         // @Compiler      Keil
    9         //
   10         // @Codegenerator 2.1
   11         //
   12         // @Description   This file contains functions that use the CC2 module.
   13         //
   14         //----------------------------------------------------------------------------
   15         // @Date          30.10.2019 13:10:36
   16         //
   17         //****************************************************************************
   18         
   19         // USER CODE BEGIN (CC2_General,1)
   20         
   21         // USER CODE END
   22         
   23         
   24         
   25         //****************************************************************************
   26         // @Project Includes
   27         //****************************************************************************
   28         
   29         #include "MAIN.h"
   30         
   31         // USER CODE BEGIN (CC2_General,2)
   32         
   33         // USER CODE END
   34         
   35         
   36         //****************************************************************************
   37         // @Macros
   38         //****************************************************************************
   39         
   40         // USER CODE BEGIN (CC2_General,3)
   41         
   42         // USER CODE END
   43         
   44         
   45         //****************************************************************************
   46         // @Defines
   47         //****************************************************************************
   48         
   49         // USER CODE BEGIN (CC2_General,4)
   50         
   51         // USER CODE END
   52         
   53         
   54         //****************************************************************************
   55         // @Typedefs
C166 COMPILER V7.57.0, CC2                                                                 10/30/2019 13:14:42 PAGE 2   

   56         //****************************************************************************
   57         
   58         // USER CODE BEGIN (CC2_General,5)
   59         
   60         // USER CODE END
   61         
   62         
   63         //****************************************************************************
   64         // @Imported Global Variables
   65         //****************************************************************************
   66         
   67         // USER CODE BEGIN (CC2_General,6)
   68         
   69         // USER CODE END
   70         
   71         
   72         //****************************************************************************
   73         // @Global Variables
   74         //****************************************************************************
   75         
   76         // USER CODE BEGIN (CC2_General,7)
   77         
   78         // USER CODE END
   79         
   80         
   81         //****************************************************************************
   82         // @External Prototypes
   83         //****************************************************************************
   84         
   85         // USER CODE BEGIN (CC2_General,8)
   86         
   87         // USER CODE END
   88         
   89         
   90         //****************************************************************************
   91         // @Prototypes Of Local Functions
   92         //****************************************************************************
   93         
   94         // USER CODE BEGIN (CC2_General,9)
   95         
   96         // USER CODE END
   97         
   98         
   99         //****************************************************************************
  100         // @Function      void CC2_vInit(void) 
  101         //
  102         //----------------------------------------------------------------------------
  103         // @Description   This is the initialization function of the CAPCOM2 function 
  104         //                library. It is assumed that the SFRs used by this library 
  105         //                are in reset state. 
  106         //
  107         //----------------------------------------------------------------------------
  108         // @Returnvalue   None
  109         //
  110         //----------------------------------------------------------------------------
  111         // @Parameters    None
  112         //
  113         //----------------------------------------------------------------------------
  114         // @Date          30.10.2019
  115         //
  116         //****************************************************************************
  117         
C166 COMPILER V7.57.0, CC2                                                                 10/30/2019 13:14:42 PAGE 3   

  118         // USER CODE BEGIN (Init,1)
  119         
  120         // USER CODE END
  121         
  122         void CC2_vInit(void)
  123         {
  124  1        volatile unsigned int uwTemp;
  125  1        // USER CODE BEGIN (Init,2)
  126  1      
  127  1        // USER CODE END
  128  1      
  129  1        ///  -----------------------------------------------------------------------
  130  1        ///  Configuration of  Kernel state configuration Control:
  131  1        ///  -----------------------------------------------------------------------
  132  1        ///  - the Peripheral is supplied with clock signal for CAPCOM2 unit
  133  1        ///  - the CC2 module clock = 100,00 MHz
  134  1      
  135  1        CC2_KSCCFG     =  0x0003;      // load CAPCOM2 Kernel state configuration 
  136  1                                       // register
  137  1      
  138  1        uwTemp         =  CC2_KSCCFG;  // dummy read to avoid pipeline effects
  139  1      
  140  1        ///  -----------------------------------------------------------------------
  141  1        ///  Configuration of CAPCOM2 Control:
  142  1        ///  -----------------------------------------------------------------------
  143  1        ///  - staggered mode is enabled
  144  1      
  145  1        ///  -----------------------------------------------------------------------
  146  1        ///  Configuration of CAPCOM2 Timer 7:
  147  1        ///  -----------------------------------------------------------------------
  148  1        ///  - timer 7 works in timer mode
  149  1        ///  - prescaler factor is 8
  150  1        ///  - timer 7 run bit is reset
  151  1      
  152  1        ///  -----------------------------------------------------------------------
  153  1        ///  Configuration of CAPCOM2 Timer 8:
  154  1        ///  -----------------------------------------------------------------------
  155  1        ///  - timer 8 works in timer mode
  156  1        ///  - prescaler factor is 1024
  157  1        ///  - timer 8 run bit is reset
  158  1      
  159  1      
  160  1        CC2_T78CON     =  0x0700;      // load CAPCOM2 timer 7 and timer 8 control 
  161  1                                       // register
  162  1      
  163  1        ///  -----------------------------------------------------------------------
  164  1        ///  Configuration of the used CAPCOM2 Timer Port Pins:
  165  1        ///  -----------------------------------------------------------------------
  166  1      
  167  1      
  168  1        ///  -----------------------------------------------------------------------
  169  1        ///  Configuration of the used CAPCOM2 Timer Interrupts:
  170  1        ///  -----------------------------------------------------------------------
  171  1      
  172  1      
  173  1        ///  -----------------------------------------------------------------------
  174  1        ///  Configuration of the used CAPCOM2 Channel 16:
  175  1        ///  -----------------------------------------------------------------------
  176  1        ///  - capture on Positive transition (rising edge) at pin CC16IO (P2.3)
  177  1        ///  - CC16 allocated to CAPCOM2 timer 7
  178  1        ///  - single event mode is disabled
  179  1      
C166 COMPILER V7.57.0, CC2                                                                 10/30/2019 13:14:42 PAGE 4   

  180  1      
  181  1        ///  -----------------------------------------------------------------------
  182  1        ///  Configuration of the used CAPCOM2 Channel 17:
  183  1        ///  -----------------------------------------------------------------------
  184  1        ///  - channel 17 is disabled
  185  1      
  186  1        ///  -----------------------------------------------------------------------
  187  1        ///  Configuration of the used CAPCOM2 Channel 18:
  188  1        ///  -----------------------------------------------------------------------
  189  1        ///  - capture on Positive transition (rising edge) at pin CC18IO (P2.5)
  190  1        ///  - CC18 allocated to CAPCOM2 timer 8
  191  1        ///  - single event mode is disabled
  192  1      
  193  1      
  194  1        ///  -----------------------------------------------------------------------
  195  1        ///  Configuration of the used CAPCOM2 Channel 19:
  196  1        ///  -----------------------------------------------------------------------
  197  1        ///  - channel 19 is disabled
  198  1      
  199  1        ///  -----------------------------------------------------------------------
  200  1        ///  Configuration of the used CAPCOM2 Channel 20:
  201  1        ///  -----------------------------------------------------------------------
  202  1        ///  - channel 20 is disabled
  203  1      
  204  1        ///  -----------------------------------------------------------------------
  205  1        ///  Configuration of the used CAPCOM2 Channel 21:
  206  1        ///  -----------------------------------------------------------------------
  207  1        ///  - channel 21 is disabled
  208  1      
  209  1        ///  -----------------------------------------------------------------------
  210  1        ///  Configuration of the used CAPCOM2 Channel 22:
  211  1        ///  -----------------------------------------------------------------------
  212  1        ///  - channel 22 is disabled
  213  1      
  214  1        ///  -----------------------------------------------------------------------
  215  1        ///  Configuration of the used CAPCOM2 Channel 23:
  216  1        ///  -----------------------------------------------------------------------
  217  1        ///  - channel 23 is disabled
  218  1      
  219  1        ///  -----------------------------------------------------------------------
  220  1        ///  Configuration of the used CAPCOM2 Channel 24:
  221  1        ///  -----------------------------------------------------------------------
  222  1        ///  - channel 24 is disabled
  223  1      
  224  1        ///  -----------------------------------------------------------------------
  225  1        ///  Configuration of the used CAPCOM2 Channel 25:
  226  1        ///  -----------------------------------------------------------------------
  227  1        ///  - channel 25 is disabled
  228  1      
  229  1        ///  -----------------------------------------------------------------------
  230  1        ///  Configuration of the used CAPCOM2 Channel 26:
  231  1        ///  -----------------------------------------------------------------------
  232  1        ///  - channel 26 is disabled
  233  1      
  234  1        ///  -----------------------------------------------------------------------
  235  1        ///  Configuration of the used CAPCOM2 Channel 27:
  236  1        ///  -----------------------------------------------------------------------
  237  1        ///  - channel 27 is disabled
  238  1      
  239  1        ///  -----------------------------------------------------------------------
  240  1        ///  Configuration of the used CAPCOM2 Channel 28:
  241  1        ///  -----------------------------------------------------------------------
C166 COMPILER V7.57.0, CC2                                                                 10/30/2019 13:14:42 PAGE 5   

  242  1        ///  - channel 28 is disabled
  243  1      
  244  1        ///  -----------------------------------------------------------------------
  245  1        ///  Configuration of the used CAPCOM2 Channel 29:
  246  1        ///  -----------------------------------------------------------------------
  247  1        ///  - channel 29 is disabled
  248  1      
  249  1        ///  -----------------------------------------------------------------------
  250  1        ///  Configuration of the used CAPCOM2 Channel 30:
  251  1        ///  -----------------------------------------------------------------------
  252  1        ///  - channel 30 is disabled
  253  1      
  254  1        ///  -----------------------------------------------------------------------
  255  1        ///  Configuration of the used CAPCOM2 Channel 31:
  256  1        ///  -----------------------------------------------------------------------
  257  1        ///  - channel 31 is disabled
  258  1      
  259  1        CC2_M4         =  0x0901;      // load CAPCOM2 mode register 4
  260  1      
  261  1        ///  -----------------------------------------------------------------------
  262  1        ///  Configuration of the used CAPCOM2 Channel Port Pins:
  263  1        ///  -----------------------------------------------------------------------
  264  1        ///  - P2.3 is used for CAPCOM2 input(CC2_16)
  265  1        ///  - P2.5 is used for CAPCOM2 input(CC2_18)
  266  1      
  267  1        P2_IOCR03 = 0x0010;    //set direction register
  268  1      
  269  1        ///  -----------------------------------------------------------------------
  270  1        ///  Configuration of the used CAPCOM2 Channels Interrupts:
  271  1        ///  -----------------------------------------------------------------------
  272  1        ///  CC16 service request node configuration:
  273  1        ///  - CC16 interrupt priority level (ILVL) = 1
  274  1        ///  - CC16 interrupt group level (GLVL) = 0
  275  1        ///  - CC16 group priority extension (GPX) = 0
  276  1      
  277  1        CC2_CC16IC     =  0x0044;     
  278  1      
  279  1      
  280  1        ///  CC18 service request node configuration:
  281  1        ///  - CC18 interrupt priority level (ILVL) = 1
  282  1        ///  - CC18 interrupt group level (GLVL) = 1
  283  1        ///  - CC18 group priority extension (GPX) = 0
  284  1      
  285  1        CC2_CC18IC     =  0x0045;     
  286  1      
  287  1      
  288  1      
  289  1      
  290  1        // USER CODE BEGIN (CC31,3)
  291  1      
  292  1        // USER CODE END
  293  1      
  294  1      } //  End of function CC2_viCC31
  295         
  296         
  297         //****************************************************************************
  298         // @Function      void CC2_viCC16(void) 
  299         //
  300         //----------------------------------------------------------------------------
  301         // @Description   This is the interrupt service routine for the CAPCOM2 
  302         //                Channel CC16. If the content of the corresponding compare 
  303         //                timer (configurable) equals the content of the 
C166 COMPILER V7.57.0, CC2                                                                 10/30/2019 13:14:42 PAGE 6   

  304         //                capture/compare register CC16 or if a capture event occurs 
  305         //                at the associated port pin, the interrupt request flag is 
  306         //                set and an interrupt is triggered (only if enabled).
  307         //                Please note that you have to add application specific code 
  308         //                to this function.
  309         //
  310         //----------------------------------------------------------------------------
  311         // @Returnvalue   None
  312         //
  313         //----------------------------------------------------------------------------
  314         // @Parameters    None
  315         //
  316         //----------------------------------------------------------------------------
  317         // @Date          30.10.2019
  318         //
  319         //****************************************************************************
  320         
  321         // USER CODE BEGIN (CC16,1)
  322         int counter = 0;
  323         // USER CODE END
  324         
  325         void CC2_viCC16(void) interrupt CC2_CC16INT
  326         {
  327  1        // USER CODE BEGIN (CC16,2)
  328  1        
  329  1        // Schaltzähler
  330  1        /* int mask  = 0xFFFF;
  331  1        int blink = 0x0000;
  332  1        int pot = 2;
  333  1        int i;
  334  1        counter++;
  335  1        for (i=0; i < counter; i++)
  336  1        {
  337  1          blink = pot-1;
  338  1          P10_OUT = mask ^ blink;
  339  1          pot = pot * 2;
  340  1          
  341  1        }
  342  1        
  343  1        if (counter > 7) counter = 0; */
  344  1       
  345  1        CC2_T8REL = 0;
  346  1        CC2_T78CON_T8R = 1;
  347  1      
  348  1        // USER CODE END
  349  1      
  350  1      } //  End of function CC2_viCC16
  351         
  352         
  353         //****************************************************************************
  354         // @Function      void CC2_viCC18(void) 
  355         //
  356         //----------------------------------------------------------------------------
  357         // @Description   This is the interrupt service routine for the CAPCOM2 
  358         //                Channel CC18. If the content of the corresponding compare 
  359         //                timer (configurable) equals the content of the 
  360         //                capture/compare register CC18 or if a capture event occurs 
  361         //                at the associated port pin, the interrupt request flag is 
  362         //                set and an interrupt is triggered (only if enabled).
  363         //                Please note that you have to add application specific code 
  364         //                to this function.
  365         //
C166 COMPILER V7.57.0, CC2                                                                 10/30/2019 13:14:42 PAGE 7   

  366         //----------------------------------------------------------------------------
  367         // @Returnvalue   None
  368         //
  369         //----------------------------------------------------------------------------
  370         // @Parameters    None
  371         //
  372         //----------------------------------------------------------------------------
  373         // @Date          30.10.2019
  374         //
  375         //****************************************************************************
  376         
  377         // USER CODE BEGIN (CC18,1)
  378         
  379         // USER CODE END
  380         
  381         void CC2_viCC18(void) interrupt CC2_CC18INT
  382         {
  383  1        // USER CODE BEGIN (CC18,2)
  384  1        int mask  = 0xFFFF;
  385  1        int blink = 0x0000;
  386  1        CC2_T78CON_T8R = 0;
  387  1        blink = CC2_CC18 >> 8;
  388  1        P10_OUT = mask ^ blink;
  389  1        // USER CODE END
  390  1      
  391  1      } //  End of function CC2_viCC18
  392         
  393         
  394         
  395         
  396         // USER CODE BEGIN (CC2_General,10)
  397         
  398         // USER CODE END
  399         
*** WARNING C174 IN LINE 381 OF CC2.c: 'Scs_EnableHighPrecOsc': unreferenced 'static' function


MODULE INFORMATION:   INITIALIZED  UNINITIALIZED
  CODE SIZE        =          96     --------
  NEAR-CONST SIZE  =    --------     --------
  FAR-CONST SIZE   =    --------     --------
  HUGE-CONST SIZE  =    --------     --------
  XHUGE-CONST SIZE =    --------     --------
  NEAR-DATA SIZE   =           2     --------
  FAR-DATA SIZE    =    --------     --------
  XHUGE-DATA SIZE  =    --------     --------
  IDATA-DATA SIZE  =    --------     --------
  SDATA-DATA SIZE  =    --------     --------
  BDATA-DATA SIZE  =    --------     --------
  HUGE-DATA SIZE   =    --------     --------
  BIT SIZE         =    --------     --------
  INIT'L SIZE      =           6     --------
END OF MODULE INFORMATION.


C166 COMPILATION COMPLETE.  1 WARNING(S),  0 ERROR(S)
